============================================================
  Generated by:           Genus(TM) Synthesis Solution 20.11-s111_1
  Generated on:           Apr 15 2026  07:07:22 pm
  Module:                 alu_16bit
  Operating conditions:   slow (balanced_tree)
  Wireload mode:          enclosed
  Area mode:              timing library
============================================================


Path 1: MET (8428 ps) Setup Check with Pin flag_overflow_reg/CK->D
          Group: clk
     Startpoint: (F) op[0]
          Clock: (R) clk
       Endpoint: (R) flag_overflow_reg/D
          Clock: (R) clk

                     Capture       Launch     
        Clock Edge:+   20000            0     
        Drv Adjust:+       0            0     
       Src Latency:+       0            0     
       Net Latency:+       0 (I)        0 (I) 
           Arrival:=   20000            0     
                                              
             Setup:-     215                  
       Uncertainty:-     500                  
     Required Time:=   19285                  
      Launch Clock:-       0                  
       Input Delay:-    5000                  
         Data Path:-    5857                  
             Slack:=    8428                  

Exceptions/Constraints:
  input_delay             5000            alu_16bit.sdc_line_17_34_1 

#--------------------------------------------------------------------------------------------------------------
#            Timing Point              Flags    Arc   Edge   Cell     Fanout Load Trans Delay Arrival Instance 
#                                                                            (fF)  (ps)  (ps)   (ps)  Location 
#--------------------------------------------------------------------------------------------------------------
  op[0]                                -       -      F     (arrival)      6 10.8     0     0    5000    (-,-) 
  g6225/Y                              -       A->Y   F     CLKBUFX2      19 35.0   141   184    5184    (-,-) 
  sub_45_44_Y_add_44_44_g1302/Y        -       A->Y   R     INVXL         17 28.9   442   355    5539    (-,-) 
  sub_45_44_Y_add_44_44_g1301__2346/Y  -       A->Y   F     MXI2XL         1  4.9   217   196    5735    (-,-) 
  sub_45_44_Y_add_44_44_g1285__3680/CO -       CI->CO F     ADDFXL         1  4.9   118   288    6022    (-,-) 
  sub_45_44_Y_add_44_44_g1284__6783/CO -       CI->CO F     ADDFXL         1  4.9   118   259    6281    (-,-) 
  sub_45_44_Y_add_44_44_g1283__5526/CO -       CI->CO F     ADDFXL         1  4.9   118   259    6540    (-,-) 
  sub_45_44_Y_add_44_44_g1282__8428/CO -       CI->CO F     ADDFXL         1  4.9   118   259    6799    (-,-) 
  sub_45_44_Y_add_44_44_g1281__4319/CO -       CI->CO F     ADDFXL         1  4.9   118   259    7057    (-,-) 
  sub_45_44_Y_add_44_44_g1280__6260/CO -       CI->CO F     ADDFXL         1  4.9   118   259    7316    (-,-) 
  sub_45_44_Y_add_44_44_g1279__5107/CO -       CI->CO F     ADDFXL         1  4.9   118   259    7575    (-,-) 
  sub_45_44_Y_add_44_44_g1278__2398/CO -       CI->CO F     ADDFXL         1  4.9   118   259    7834    (-,-) 
  sub_45_44_Y_add_44_44_g1277__5477/CO -       CI->CO F     ADDFXL         1  4.9   118   259    8093    (-,-) 
  sub_45_44_Y_add_44_44_g1276__6417/CO -       CI->CO F     ADDFXL         1  4.9   118   259    8351    (-,-) 
  sub_45_44_Y_add_44_44_g1275__7410/CO -       CI->CO F     ADDFXL         1  4.9   118   259    8610    (-,-) 
  sub_45_44_Y_add_44_44_g1274__1666/CO -       CI->CO F     ADDFXL         1  4.9   118   259    8869    (-,-) 
  sub_45_44_Y_add_44_44_g1273__2346/CO -       CI->CO F     ADDFXL         1  4.9   118   259    9128    (-,-) 
  sub_45_44_Y_add_44_44_g1272__2883/CO -       CI->CO F     ADDFXL         1  4.9   118   259    9387    (-,-) 
  sub_45_44_Y_add_44_44_g1271__9945/CO -       CI->CO F     ADDFXL         1  4.9   118   259    9645    (-,-) 
  sub_45_44_Y_add_44_44_g1270__9315/S  -       CI->S  R     ADDFXL         1  1.6    77   345    9990    (-,-) 
  g6117__5526/Y                        -       B0->Y  F     OAI22XL        1  1.7   107    93   10084    (-,-) 
  g6059__1617/Y                        -       C0->Y  R     AOI211XL       1  1.7   153   140   10224    (-,-) 
  g6035__9945/Y                        -       C->Y   F     NAND3XL        4  6.4   272   226   10450    (-,-) 
  g6027__6131/Y                        -       C0->Y  R     AOI211XL       1  1.6   178   181   10632    (-,-) 
  g6011__3680/Y                        -       B0->Y  F     AOI32XL        1  1.7   167    95   10726    (-,-) 
  g6010__6783/Y                        -       B->Y   R     NOR2XL         1  2.8   126   131   10857    (-,-) 
  flag_overflow_reg/D                  <<<     -      R     SDFFRHQX1      1    -     -     0   10857    (-,-) 
#--------------------------------------------------------------------------------------------------------------

